<?xml version="1.0" encoding="UTF-8"?>
<!-- Generated by org.testng.reporters.JUnitReportReporter -->
<testsuite skipped="1" hostname="Divakrish" name="org.excel.FbSignIn" tests="1" failures="0" timestamp="13 Apr 2019 05:51:37 GMT" time="0.000" errors="0">
  <testcase name="test" time="0.000" classname="org.excel.FbSignIn">
    <skipped/>
  </testcase> <!-- test -->
</testsuite> <!-- org.excel.FbSignIn -->
