<?xml version="1.0" encoding="UTF-8"?>
<!-- Generated by org.testng.reporters.JUnitReportReporter -->
<testsuite skipped="0" hostname="Divakrish" name="org.excel.TestNg" tests="8" failures="0" timestamp="13 Apr 2019 06:54:40 GMT" time="0.078" errors="0">
  <testcase name="skywalk" time="0.000" classname="org.excel.TestNg"/>
  <testcase name="test1" time="0.000" classname="org.excel.TestNg"/>
  <testcase name="pvr" time="0.015" classname="org.excel.TestNg"/>
  <testcase name="sathyam" time="0.016" classname="org.excel.TestNg"/>
  <testcase name="inox" time="0.031" classname="org.excel.TestNg"/>
  <testcase name="vr" time="0.016" classname="org.excel.TestNg"/>
  <testcase name="test2" time="0.000" classname="org.excel.TestNg"/>
  <testcase name="test3" time="0.000" classname="org.excel.TestNg"/>
</testsuite> <!-- org.excel.TestNg -->
