<?xml version="1.0" encoding="UTF-8"?>
<!-- Generated by org.testng.reporters.JUnitReportReporter -->
<testsuite skipped="1" hostname="Divakrish" name="org.excel.TestngPractice" tests="6" failures="0" timestamp="13 Apr 2019 07:11:46 GMT" time="0.000" errors="0">
  <testcase name="test3" time="0.000" classname="org.excel.TestngPractice"/>
  <testcase name="test1" time="0.000" classname="org.excel.TestngPractice"/>
  <testcase name="test1" time="0.000" classname="org.excel.TestngPractice"/>
  <testcase name="test2" time="0.000" classname="org.excel.TestngPractice"/>
  <testcase name="test2" time="0.000" classname="org.excel.TestngPractice"/>
  <testcase name="test" classname="org.excel.TestngPractice">
    <skipped/>
  </testcase> <!-- test -->
</testsuite> <!-- org.excel.TestngPractice -->
